
The following modules were not unloaded:
   (Use "module --force purge" to unload all):

  1) XALT/minimal   2) slurm   3) NeSI
2024-03-25 17:46:04.364726: E tensorflow/compiler/xla/stream_executor/cuda/cuda_dnn.cc:9342] Unable to register cuDNN factory: Attempting to register factory for plugin cuDNN when one has already been registered
2024-03-25 17:46:04.364800: E tensorflow/compiler/xla/stream_executor/cuda/cuda_fft.cc:609] Unable to register cuFFT factory: Attempting to register factory for plugin cuFFT when one has already been registered
2024-03-25 17:46:04.364830: E tensorflow/compiler/xla/stream_executor/cuda/cuda_blas.cc:1518] Unable to register cuBLAS factory: Attempting to register factory for plugin cuBLAS when one has already been registered
2024-03-25 17:46:04.374430: I tensorflow/core/platform/cpu_feature_guard.cc:182] This TensorFlow binary is optimized to use available CPU instructions in performance-critical operations.
To enable the following instructions: AVX2 FMA, in other operations, rebuild TensorFlow with the appropriate compiler flags.
2024-03-25 17:46:07.760292: I tensorflow/core/common_runtime/gpu/gpu_device.cc:1886] Created device /job:localhost/replica:0/task:0/device:GPU:0 with 38298 MB memory:  -> device: 0, name: NVIDIA A100-PCIE-40GB, pci bus id: 0000:05:00.0, compute capability: 8.0
1 Physical GPUs, 1 Logical GPUs
Model: "sequential"
_________________________________________________________________
 Layer (type)                Output Shape              Param #   
=================================================================
 conv1d (Conv1D)             (None, 1048576, 32)       8224      
                                                                 
 conv1d_1 (Conv1D)           (None, 262144, 16)        65552     
                                                                 
 conv1d_2 (Conv1D)           (None, 65536, 8)          16392     
                                                                 
 conv1d_transpose (Conv1DTr  (None, 262144, 8)         8200      
 anspose)                                                        
                                                                 
 conv1d_transpose_1 (Conv1D  (None, 1048576, 16)       16400     
 Transpose)                                                      
                                                                 
 conv1d_transpose_2 (Conv1D  (None, 4194304, 32)       65568     
 Transpose)                                                      
                                                                 
 conv1d_transpose_3 (Conv1D  (None, 4194304, 2)        66        
 Transpose)                                                      
                                                                 
 activation (Activation)     (None, 4194304, 2)        0         
                                                                 
=================================================================
Total params: 180402 (704.70 KB)
Trainable params: 180402 (704.70 KB)
Non-trainable params: 0 (0.00 Byte)
_________________________________________________________________
#################################
####DATA GENERATOR PARAMETERS####
#Batch size:  8
#Time in years: 1.3290715810104465
#n_channels:  2
#dt:  10
#Length of timeseries: 4194304
Noise background:  True
#################################
Epoch 1/40
2024-03-25 17:46:27.127904: I tensorflow/compiler/xla/stream_executor/cuda/cuda_dnn.cc:442] Loaded cuDNN version 8600
2024-03-25 17:49:03.513800: I tensorflow/compiler/xla/service/service.cc:168] XLA service 0x2aac1016a0b0 initialized for platform CUDA (this does not guarantee that XLA will be used). Devices:
2024-03-25 17:49:03.514428: I tensorflow/compiler/xla/service/service.cc:176]   StreamExecutor device (0): NVIDIA A100-PCIE-40GB, Compute Capability 8.0
2024-03-25 17:49:03.523721: I tensorflow/compiler/mlir/tensorflow/utils/dump_mlir_util.cc:269] disabling MLIR crash reproducer, set env var `MLIR_CRASH_REPRODUCER_DIRECTORY` to enable.
2024-03-25 17:49:03.809645: I ./tensorflow/compiler/jit/device_compiler.h:186] Compiled cluster using XLA!  This line is logged at most once for the lifetime of the process.
1/1 - 0s - loss: 0.0000e+00 - 418ms/epoch - 418ms/step
Noise loss:  0.0
10/10 - 208s - loss: 2.4607e-04 - val_loss: 2.1821e-05 - 208s/epoch - 21s/step
Epoch 2/40
1/1 - 0s - loss: 0.0000e+00 - 354ms/epoch - 354ms/step
Noise loss:  0.0
10/10 - 49s - loss: 1.5098e-05 - val_loss: 8.7046e-06 - 49s/epoch - 5s/step
Epoch 3/40
1/1 - 0s - loss: 0.0000e+00 - 379ms/epoch - 379ms/step
Noise loss:  0.0
10/10 - 49s - loss: 6.0993e-06 - val_loss: 3.5267e-06 - 49s/epoch - 5s/step
Epoch 4/40
1/1 - 0s - loss: 0.0000e+00 - 418ms/epoch - 418ms/step
Noise loss:  0.0
10/10 - 50s - loss: 2.5749e-06 - val_loss: 1.7280e-06 - 50s/epoch - 5s/step
Epoch 5/40
1/1 - 0s - loss: 0.0000e+00 - 379ms/epoch - 379ms/step
Noise loss:  0.0
10/10 - 49s - loss: 1.2972e-06 - val_loss: 9.1791e-07 - 49s/epoch - 5s/step
Epoch 6/40
1/1 - 0s - loss: 0.0000e+00 - 373ms/epoch - 373ms/step
Noise loss:  0.0
10/10 - 50s - loss: 7.6838e-07 - val_loss: 6.1401e-07 - 50s/epoch - 5s/step
Epoch 7/40
1/1 - 0s - loss: 0.0000e+00 - 416ms/epoch - 416ms/step
Noise loss:  0.0
10/10 - 50s - loss: 5.2267e-07 - val_loss: 4.3698e-07 - 50s/epoch - 5s/step
Epoch 8/40
1/1 - 0s - loss: 0.0000e+00 - 413ms/epoch - 413ms/step
Noise loss:  0.0
10/10 - 49s - loss: 3.9018e-07 - val_loss: 3.3895e-07 - 49s/epoch - 5s/step
Epoch 9/40
1/1 - 0s - loss: 0.0000e+00 - 372ms/epoch - 372ms/step
Noise loss:  0.0
10/10 - 49s - loss: 3.0940e-07 - val_loss: 2.7640e-07 - 49s/epoch - 5s/step
Epoch 10/40
1/1 - 0s - loss: 0.0000e+00 - 376ms/epoch - 376ms/step
Noise loss:  0.0
10/10 - 49s - loss: 2.5549e-07 - val_loss: 2.3210e-07 - 49s/epoch - 5s/step
Epoch 11/40
1/1 - 0s - loss: 0.0000e+00 - 375ms/epoch - 375ms/step
Noise loss:  0.0
10/10 - 49s - loss: 2.1626e-07 - val_loss: 1.9844e-07 - 49s/epoch - 5s/step
Epoch 12/40
1/1 - 0s - loss: 0.0000e+00 - 352ms/epoch - 352ms/step
Noise loss:  0.0
10/10 - 49s - loss: 1.8618e-07 - val_loss: 1.7220e-07 - 49s/epoch - 5s/step
Epoch 13/40
1/1 - 0s - loss: 0.0000e+00 - 353ms/epoch - 353ms/step
Noise loss:  0.0
10/10 - 49s - loss: 1.6230e-07 - val_loss: 1.5100e-07 - 49s/epoch - 5s/step
Epoch 14/40
1/1 - 0s - loss: 0.0000e+00 - 437ms/epoch - 437ms/step
Noise loss:  0.0
10/10 - 50s - loss: 1.4288e-07 - val_loss: 1.3348e-07 - 50s/epoch - 5s/step
Epoch 15/40
1/1 - 0s - loss: 0.0000e+00 - 375ms/epoch - 375ms/step
Noise loss:  0.0
10/10 - 50s - loss: 1.2674e-07 - val_loss: 1.1893e-07 - 50s/epoch - 5s/step
Epoch 16/40
1/1 - 0s - loss: 0.0000e+00 - 377ms/epoch - 377ms/step
Noise loss:  0.0
10/10 - 49s - loss: 1.1315e-07 - val_loss: 1.0655e-07 - 49s/epoch - 5s/step
Epoch 17/40
1/1 - 0s - loss: 0.0000e+00 - 376ms/epoch - 376ms/step
Noise loss:  0.0
10/10 - 49s - loss: 1.0161e-07 - val_loss: 9.5888e-08 - 49s/epoch - 5s/step
Epoch 18/40
1/1 - 0s - loss: 0.0000e+00 - 353ms/epoch - 353ms/step
Noise loss:  0.0
10/10 - 49s - loss: 9.1705e-08 - val_loss: 8.6761e-08 - 49s/epoch - 5s/step
Epoch 19/40
1/1 - 0s - loss: 0.0000e+00 - 372ms/epoch - 372ms/step
Noise loss:  0.0
10/10 - 50s - loss: 8.3097e-08 - val_loss: 7.8788e-08 - 50s/epoch - 5s/step
Epoch 20/40
1/1 - 0s - loss: 0.0000e+00 - 376ms/epoch - 376ms/step
Noise loss:  0.0
10/10 - 50s - loss: 7.5594e-08 - val_loss: 7.1836e-08 - 50s/epoch - 5s/step
Epoch 21/40
1/1 - 0s - loss: 0.0000e+00 - 352ms/epoch - 352ms/step
Noise loss:  0.0
10/10 - 49s - loss: 6.8971e-08 - val_loss: 6.5694e-08 - 49s/epoch - 5s/step
Epoch 22/40
1/1 - 0s - loss: 0.0000e+00 - 390ms/epoch - 390ms/step
Noise loss:  0.0
10/10 - 49s - loss: 6.3178e-08 - val_loss: 6.0241e-08 - 49s/epoch - 5s/step
Epoch 23/40
1/1 - 0s - loss: 0.0000e+00 - 353ms/epoch - 353ms/step
Noise loss:  0.0
10/10 - 49s - loss: 5.8059e-08 - val_loss: 5.5422e-08 - 49s/epoch - 5s/step
Epoch 24/40
1/1 - 0s - loss: 0.0000e+00 - 351ms/epoch - 351ms/step
Noise loss:  0.0
10/10 - 49s - loss: 5.3474e-08 - val_loss: 5.1168e-08 - 49s/epoch - 5s/step
Epoch 25/40
1/1 - 0s - loss: 0.0000e+00 - 350ms/epoch - 350ms/step
Noise loss:  0.0
10/10 - 50s - loss: 4.9350e-08 - val_loss: 4.7272e-08 - 50s/epoch - 5s/step
Epoch 26/40
1/1 - 0s - loss: 0.0000e+00 - 352ms/epoch - 352ms/step
Noise loss:  0.0
10/10 - 48s - loss: 4.5700e-08 - val_loss: 4.3843e-08 - 48s/epoch - 5s/step
Epoch 27/40
1/1 - 0s - loss: 0.0000e+00 - 353ms/epoch - 353ms/step
Noise loss:  0.0
10/10 - 50s - loss: 4.2408e-08 - val_loss: 4.0718e-08 - 50s/epoch - 5s/step
Epoch 28/40
1/1 - 0s - loss: 0.0000e+00 - 376ms/epoch - 376ms/step
Noise loss:  0.0
10/10 - 48s - loss: 3.9438e-08 - val_loss: 3.7925e-08 - 48s/epoch - 5s/step
Epoch 29/40
1/1 - 0s - loss: 0.0000e+00 - 349ms/epoch - 349ms/step
Noise loss:  0.0
10/10 - 48s - loss: 3.6767e-08 - val_loss: 3.5375e-08 - 48s/epoch - 5s/step
Epoch 30/40
1/1 - 0s - loss: 0.0000e+00 - 374ms/epoch - 374ms/step
Noise loss:  0.0
10/10 - 50s - loss: 3.4325e-08 - val_loss: 3.3080e-08 - 50s/epoch - 5s/step
Epoch 31/40
1/1 - 0s - loss: 0.0000e+00 - 353ms/epoch - 353ms/step
Noise loss:  0.0
10/10 - 49s - loss: 3.2103e-08 - val_loss: 3.0973e-08 - 49s/epoch - 5s/step
Epoch 32/40
1/1 - 0s - loss: 0.0000e+00 - 357ms/epoch - 357ms/step
Noise loss:  0.0
10/10 - 50s - loss: 3.0103e-08 - val_loss: 2.9071e-08 - 50s/epoch - 5s/step
Epoch 33/40
1/1 - 0s - loss: 0.0000e+00 - 359ms/epoch - 359ms/step
Noise loss:  0.0
10/10 - 53s - loss: 2.8284e-08 - val_loss: 2.7315e-08 - 53s/epoch - 5s/step
Epoch 34/40
1/1 - 1s - loss: 0.0000e+00 - 508ms/epoch - 508ms/step
Noise loss:  0.0
10/10 - 63s - loss: 2.6589e-08 - val_loss: 2.5728e-08 - 63s/epoch - 6s/step
Epoch 35/40
1/1 - 0s - loss: 0.0000e+00 - 492ms/epoch - 492ms/step
Noise loss:  0.0
10/10 - 70s - loss: 2.5057e-08 - val_loss: 2.4275e-08 - 70s/epoch - 7s/step
Epoch 36/40
1/1 - 1s - loss: 0.0000e+00 - 527ms/epoch - 527ms/step
Noise loss:  0.0
10/10 - 71s - loss: 2.3656e-08 - val_loss: 2.2931e-08 - 71s/epoch - 7s/step
Epoch 37/40
1/1 - 1s - loss: 0.0000e+00 - 612ms/epoch - 612ms/step
Noise loss:  0.0
10/10 - 79s - loss: 2.2353e-08 - val_loss: 2.1688e-08 - 79s/epoch - 8s/step
Epoch 38/40
1/1 - 1s - loss: 0.0000e+00 - 602ms/epoch - 602ms/step
Noise loss:  0.0
10/10 - 88s - loss: 2.1167e-08 - val_loss: 2.0549e-08 - 88s/epoch - 9s/step
Epoch 39/40
1/1 - 1s - loss: 0.0000e+00 - 592ms/epoch - 592ms/step
Noise loss:  0.0
10/10 - 85s - loss: 2.0060e-08 - val_loss: 1.9496e-08 - 85s/epoch - 8s/step
Epoch 40/40
1/1 - 1s - loss: 0.0000e+00 - 616ms/epoch - 616ms/step
Noise loss:  0.0
10/10 - 88s - loss: 1.9048e-08 - val_loss: 1.8520e-08 - 88s/epoch - 9s/step
