
The following modules were not unloaded:
   (Use "module --force purge" to unload all):

  1) XALT/minimal   2) slurm   3) NeSI
2024-03-25 17:11:52.296020: E tensorflow/compiler/xla/stream_executor/cuda/cuda_dnn.cc:9342] Unable to register cuDNN factory: Attempting to register factory for plugin cuDNN when one has already been registered
2024-03-25 17:11:52.296096: E tensorflow/compiler/xla/stream_executor/cuda/cuda_fft.cc:609] Unable to register cuFFT factory: Attempting to register factory for plugin cuFFT when one has already been registered
2024-03-25 17:11:52.296126: E tensorflow/compiler/xla/stream_executor/cuda/cuda_blas.cc:1518] Unable to register cuBLAS factory: Attempting to register factory for plugin cuBLAS when one has already been registered
2024-03-25 17:11:52.305588: I tensorflow/core/platform/cpu_feature_guard.cc:182] This TensorFlow binary is optimized to use available CPU instructions in performance-critical operations.
To enable the following instructions: AVX2 FMA, in other operations, rebuild TensorFlow with the appropriate compiler flags.
2024-03-25 17:11:55.652683: I tensorflow/core/common_runtime/gpu/gpu_device.cc:1886] Created device /job:localhost/replica:0/task:0/device:GPU:0 with 38298 MB memory:  -> device: 0, name: NVIDIA A100-PCIE-40GB, pci bus id: 0000:05:00.0, compute capability: 8.0
1 Physical GPUs, 1 Logical GPUs
Model: "sequential"
_________________________________________________________________
 Layer (type)                Output Shape              Param #   
=================================================================
 conv1d (Conv1D)             (None, 1048576, 32)       8224      
                                                                 
 conv1d_1 (Conv1D)           (None, 262144, 16)        65552     
                                                                 
 conv1d_2 (Conv1D)           (None, 65536, 8)          16392     
                                                                 
 conv1d_transpose (Conv1DTr  (None, 262144, 8)         8200      
 anspose)                                                        
                                                                 
 conv1d_transpose_1 (Conv1D  (None, 1048576, 16)       16400     
 Transpose)                                                      
                                                                 
 conv1d_transpose_2 (Conv1D  (None, 4194304, 32)       65568     
 Transpose)                                                      
                                                                 
 conv1d_transpose_3 (Conv1D  (None, 4194304, 2)        66        
 Transpose)                                                      
                                                                 
 activation (Activation)     (None, 4194304, 2)        0         
                                                                 
=================================================================
Total params: 180402 (704.70 KB)
Trainable params: 180402 (704.70 KB)
Non-trainable params: 0 (0.00 Byte)
_________________________________________________________________
#################################
####DATA GENERATOR PARAMETERS####
#Batch size:  8
#Time in years: 1.3290715810104465
#n_channels:  2
#dt:  10
#Length of timeseries: 4194304
Noise background:  True
#################################
Epoch 1/40
2024-03-25 17:12:14.895125: I tensorflow/compiler/xla/stream_executor/cuda/cuda_dnn.cc:442] Loaded cuDNN version 8600
2024-03-25 17:14:55.942130: I tensorflow/compiler/xla/service/service.cc:168] XLA service 0x2aac0d9edd30 initialized for platform CUDA (this does not guarantee that XLA will be used). Devices:
2024-03-25 17:14:55.942194: I tensorflow/compiler/xla/service/service.cc:176]   StreamExecutor device (0): NVIDIA A100-PCIE-40GB, Compute Capability 8.0
2024-03-25 17:14:55.951809: I tensorflow/compiler/mlir/tensorflow/utils/dump_mlir_util.cc:269] disabling MLIR crash reproducer, set env var `MLIR_CRASH_REPRODUCER_DIRECTORY` to enable.
2024-03-25 17:14:56.231876: I ./tensorflow/compiler/jit/device_compiler.h:186] Compiled cluster using XLA!  This line is logged at most once for the lifetime of the process.
1/1 - 1s - loss: 3.0373e-05 - 598ms/epoch - 598ms/step
Noise loss:  3.037308488273993e-05
10/10 - 212s - loss: 3.2255e-04 - val_loss: 3.0367e-05 - 212s/epoch - 21s/step
Epoch 2/40
1/1 - 0s - loss: 1.1789e-05 - 410ms/epoch - 410ms/step
Noise loss:  1.1788681149482727e-05
10/10 - 48s - loss: 2.1111e-05 - val_loss: 1.1782e-05 - 48s/epoch - 5s/step
Epoch 3/40
1/1 - 0s - loss: 4.7188e-06 - 395ms/epoch - 395ms/step
Noise loss:  4.718824129668064e-06
10/10 - 49s - loss: 8.0501e-06 - val_loss: 4.7187e-06 - 49s/epoch - 5s/step
Epoch 4/40
1/1 - 0s - loss: 2.0102e-06 - 410ms/epoch - 410ms/step
Noise loss:  2.0102172584302025e-06
10/10 - 49s - loss: 3.2316e-06 - val_loss: 2.0102e-06 - 49s/epoch - 5s/step
Epoch 5/40
1/1 - 0s - loss: 1.1863e-06 - 427ms/epoch - 427ms/step
Noise loss:  1.1863256759170326e-06
10/10 - 48s - loss: 1.5869e-06 - val_loss: 1.1842e-06 - 48s/epoch - 5s/step
Epoch 6/40
1/1 - 0s - loss: 7.5481e-07 - 403ms/epoch - 403ms/step
Noise loss:  7.54808070269064e-07
10/10 - 50s - loss: 9.5441e-07 - val_loss: 7.5427e-07 - 50s/epoch - 5s/step
Epoch 7/40
1/1 - 0s - loss: 5.5058e-07 - 407ms/epoch - 407ms/step
Noise loss:  5.505826266016811e-07
10/10 - 50s - loss: 6.5503e-07 - val_loss: 5.4879e-07 - 50s/epoch - 5s/step
Epoch 8/40
1/1 - 0s - loss: 4.3239e-07 - 427ms/epoch - 427ms/step
Noise loss:  4.3238784996901813e-07
10/10 - 48s - loss: 4.9440e-07 - val_loss: 4.3300e-07 - 48s/epoch - 5s/step
Epoch 9/40
1/1 - 0s - loss: 3.5683e-07 - 396ms/epoch - 396ms/step
Noise loss:  3.5682515431290085e-07
10/10 - 48s - loss: 3.9723e-07 - val_loss: 3.5720e-07 - 48s/epoch - 5s/step
Epoch 10/40
1/1 - 0s - loss: 3.0321e-07 - 423ms/epoch - 423ms/step
Noise loss:  3.032098732091981e-07
10/10 - 49s - loss: 3.3189e-07 - val_loss: 3.0332e-07 - 49s/epoch - 5s/step
Epoch 11/40
slurmstepd: error: *** JOB 44967987 ON wbl004 CANCELLED AT 2024-03-25T04:25:11 ***
